# JRE version: OpenJDK Runtime Environment (8.0_242-b01) (build 1.8.0_242-release-1644-b01)
# Java VM: OpenJDK 64-Bit Server VM (25.242-b01 mixed mode windows-amd64 compressed oops)
Heap:
 PSYoungGen      total 615424K, used 149461K [0x00000000d5580000, 0x0000000100000000, 0x0000000100000000)
  eden space 541696K, 24% used [0x00000000d5580000,0x00000000dd9653f0,0x00000000f6680000)
  from space 73728K, 19% used [0x00000000f6680000,0x00000000f74900d0,0x00000000fae80000)
  to   space 72192K, 0% used [0x00000000fb980000,0x00000000fb980000,0x0000000100000000)
 ParOldGen       total 253952K, used 166298K [0x0000000080000000, 0x000000008f800000, 0x00000000d5580000)
  object space 253952K, 65% used [0x0000000080000000,0x000000008a266b00,0x000000008f800000)
 Metaspace       used 117853K, capacity 126888K, committed 127640K, reserved 1161216K
  class space    used 15041K, capacity 16578K, committed 16816K, reserved 1048576K
GC Heap History (10 events):
Event: 7061.197 GC heap before
{Heap before GC invocations=59 (full 5):
 PSYoungGen      total 568320K, used 568044K [0x00000000d5580000, 0x00000000ffb80000, 0x0000000100000000)
  eden space 547840K, 100% used [0x00000000d5580000,0x00000000f6c80000,0x00000000f6c80000)
  from space 20480K, 98% used [0x00000000f6c80000,0x00000000f803b2d0,0x00000000f8080000)
  to   space 72192K, 0% used [0x00000000fb500000,0x00000000fb500000,0x00000000ffb80000)
 ParOldGen       total 235520K, used 211157K [0x0000000080000000, 0x000000008e600000, 0x00000000d5580000)
  object space 235520K, 89% used [0x0000000080000000,0x000000008ce35700,0x000000008e600000)
 Metaspace       used 118031K, capacity 127288K, committed 127640K, reserved 1161216K
  class space    used 15094K, capacity 16694K, committed 16816K, reserved 1048576K
Event: 7061.280 GC heap after
Heap after GC invocations=59 (full 5):
 PSYoungGen      total 609280K, used 63195K [0x00000000d5580000, 0x0000000100000000, 0x0000000100000000)
  eden space 537088K, 0% used [0x00000000d5580000,0x00000000d5580000,0x00000000f6200000)
  from space 72192K, 87% used [0x00000000fb500000,0x00000000ff2b6db8,0x00000000ffb80000)
  to   space 80896K, 0% used [0x00000000f6200000,0x00000000f6200000,0x00000000fb100000)
 ParOldGen       total 235520K, used 218265K [0x0000000080000000, 0x000000008e600000, 0x00000000d5580000)
  object space 235520K, 92% used [0x0000000080000000,0x000000008d526530,0x000000008e600000)
 Metaspace       used 118031K, capacity 127288K, committed 127640K, reserved 1161216K
  class space    used 15094K, capacity 16694K, committed 16816K, reserved 1048576K
}
Event: 7061.280 GC heap before
{Heap before GC invocations=60 (full 6):
 PSYoungGen      total 609280K, used 63195K [0x00000000d5580000, 0x0000000100000000, 0x0000000100000000)
  eden space 537088K, 0% used [0x00000000d5580000,0x00000000d5580000,0x00000000f6200000)
  from space 72192K, 87% used [0x00000000fb500000,0x00000000ff2b6db8,0x00000000ffb80000)
  to   space 80896K, 0% used [0x00000000f6200000,0x00000000f6200000,0x00000000fb100000)
 ParOldGen       total 235520K, used 218265K [0x0000000080000000, 0x000000008e600000, 0x00000000d5580000)
  object space 235520K, 92% used [0x0000000080000000,0x000000008d526530,0x000000008e600000)
 Metaspace       used 118031K, capacity 127288K, committed 127640K, reserved 1161216K
  class space    used 15094K, capacity 16694K, committed 16816K, reserved 1048576K
Event: 7062.174 GC heap after
Heap after GC invocations=60 (full 6):
 PSYoungGen      total 609280K, used 0K [0x00000000d5580000, 0x0000000100000000, 0x0000000100000000)
  eden space 537088K, 0% used [0x00000000d5580000,0x00000000d5580000,0x00000000f6200000)
  from space 72192K, 0% used [0x00000000fb500000,0x00000000fb500000,0x00000000ffb80000)
  to   space 80896K, 0% used [0x00000000f6200000,0x00000000f6200000,0x00000000fb100000)
 ParOldGen       total 253952K, used 129790K [0x0000000080000000, 0x000000008f800000, 0x00000000d5580000)
  object space 253952K, 51% used [0x0000000080000000,0x0000000087ebf980,0x000000008f800000)
 Metaspace       used 117789K, capacity 126810K, committed 127640K, reserved 1161216K
  class space    used 15036K, capacity 16577K, committed 16816K, reserved 1048576K
}
Event: 7063.111 GC heap before
{Heap before GC invocations=61 (full 6):
 PSYoungGen      total 609280K, used 537088K [0x00000000d5580000, 0x0000000100000000, 0x0000000100000000)
  eden space 537088K, 100% used [0x00000000d5580000,0x00000000f6200000,0x00000000f6200000)
  from space 72192K, 0% used [0x00000000fb500000,0x00000000fb500000,0x00000000ffb80000)
  to   space 80896K, 0% used [0x00000000f6200000,0x00000000f6200000,0x00000000fb100000)
 ParOldGen       total 253952K, used 129791K [0x0000000080000000, 0x000000008f800000, 0x00000000d5580000)
  object space 253952K, 51% used [0x0000000080000000,0x0000000087ebfc38,0x000000008f800000)
 Metaspace       used 117805K, capacity 126814K, committed 127640K, reserved 1161216K
  class space    used 15037K, capacity 16577K, committed 16816K, reserved 1048576K
Event: 7063.153 GC heap after
Heap after GC invocations=61 (full 6):
 PSYoungGen      total 617984K, used 31551K [0x00000000d5580000, 0x00000000fff80000, 0x0000000100000000)
  eden space 537088K, 0% used [0x00000000d5580000,0x00000000d5580000,0x00000000f6200000)
  from space 80896K, 39% used [0x00000000f6200000,0x00000000f80cfcf8,0x00000000fb100000)
  to   space 76288K, 0% used [0x00000000fb500000,0x00000000fb500000,0x00000000fff80000)
 ParOldGen       total 253952K, used 129791K [0x0000000080000000, 0x000000008f800000, 0x00000000d5580000)
  object space 253952K, 51% used [0x0000000080000000,0x0000000087ebfc38,0x000000008f800000)
 Metaspace       used 117805K, capacity 126814K, committed 127640K, reserved 1161216K
  class space    used 15037K, capacity 16577K, committed 16816K, reserved 1048576K
}
Event: 7063.501 GC heap before
{Heap before GC invocations=62 (full 6):
 PSYoungGen      total 617984K, used 568639K [0x00000000d5580000, 0x00000000fff80000, 0x0000000100000000)
  eden space 537088K, 100% used [0x00000000d5580000,0x00000000f6200000,0x00000000f6200000)
  from space 80896K, 39% used [0x00000000f6200000,0x00000000f80cfcf8,0x00000000fb100000)
  to   space 76288K, 0% used [0x00000000fb500000,0x00000000fb500000,0x00000000fff80000)
 ParOldGen       total 253952K, used 129792K [0x0000000080000000, 0x000000008f800000, 0x00000000d5580000)
  object space 253952K, 51% used [0x0000000080000000,0x0000000087ec0328,0x000000008f800000)
 Metaspace       used 117830K, capacity 126818K, committed 127640K, reserved 1161216K
  class space    used 15038K, capacity 16577K, committed 16816K, reserved 1048576K
Event: 7063.534 GC heap after
Heap after GC invocations=62 (full 6):
 PSYoungGen      total 608768K, used 17834K [0x00000000d5580000, 0x00000000ff680000, 0x0000000100000000)
  eden space 541696K, 0% used [0x00000000d5580000,0x00000000d5580000,0x00000000f6680000)
  from space 67072K, 26% used [0x00000000fb500000,0x00000000fc66aa60,0x00000000ff680000)
  to   space 73728K, 0% used [0x00000000f6680000,0x00000000f6680000,0x00000000fae80000)
 ParOldGen       total 253952K, used 153921K [0x0000000080000000, 0x000000008f800000, 0x00000000d5580000)
  object space 253952K, 60% used [0x0000000080000000,0x0000000089650410,0x000000008f800000)
 Metaspace       used 117830K, capacity 126818K, committed 127640K, reserved 1161216K
  class space    used 15038K, capacity 16577K, committed 16816K, reserved 1048576K
}
Event: 7064.720 GC heap before
{Heap before GC invocations=63 (full 6):
 PSYoungGen      total 608768K, used 559530K [0x00000000d5580000, 0x00000000ff680000, 0x0000000100000000)
  eden space 541696K, 100% used [0x00000000d5580000,0x00000000f6680000,0x00000000f6680000)
  from space 67072K, 26% used [0x00000000fb500000,0x00000000fc66aa60,0x00000000ff680000)
  to   space 73728K, 0% used [0x00000000f6680000,0x00000000f6680000,0x00000000fae80000)
 ParOldGen       total 253952K, used 153921K [0x0000000080000000, 0x000000008f800000, 0x00000000d5580000)
  object space 253952K, 60% used [0x0000000080000000,0x0000000089650410,0x000000008f800000)
 Metaspace       used 117836K, capacity 126882K, committed 127640K, reserved 1161216K
  class space    used 15038K, capacity 16577K, committed 16816K, reserved 1048576K
Event: 7064.773 GC heap after
Heap after GC invocations=63 (full 6):
 PSYoungGen      total 615424K, used 14400K [0x00000000d5580000, 0x0000000100000000, 0x0000000100000000)
  eden space 541696K, 0% used [0x00000000d5580000,0x00000000d5580000,0x00000000f6680000)
  from space 73728K, 19% used [0x00000000f6680000,0x00000000f74900d0,0x00000000fae80000)
  to   space 72192K, 0% used [0x00000000fb980000,0x00000000fb980000,0x0000000100000000)
 ParOldGen       total 253952K, used 166298K [0x0000000080000000, 0x000000008f800000, 0x00000000d5580000)
  object space 253952K, 65% used [0x0000000080000000,0x000000008a266b00,0x000000008f800000)
 Metaspace       used 117836K, capacity 126882K, committed 127640K, reserved 1161216K
  class space    used 15038K, capacity 16577K, committed 16816K, reserved 1048576K
}

